2019-37-03 21:37:40.924 [main] INFO   - Opened site
2019-37-03 21:37:43.390 [main] INFO   - Click on Login Link
2019-37-03 21:37:46.332 [main] INFO   - Fill data for auth
2019-37-03 21:37:46.404 [main] INFO   - Verify user
2019-37-03 21:37:46.936 [main] ERROR  - null
2019-42-03 21:42:04.831 [main] INFO   - Opened site
2019-42-03 21:42:07.520 [main] INFO   - Click on Login Link
2019-42-03 21:42:10.254 [main] INFO   - Fill data for auth
2019-42-03 21:42:10.309 [main] INFO   - Verify user
2019-42-03 21:42:10.770 [main] ERROR  - null
2019-43-03 21:43:09.353 [main] INFO   - Opened site
2019-43-03 21:43:11.625 [main] INFO   - Click on Login Link
2019-43-03 21:43:14.423 [main] INFO   - Fill data for auth
2019-43-03 21:43:14.476 [main] INFO   - Verify user
2019-57-03 21:57:27.074 [main] INFO   - Opened site
2019-57-03 21:57:29.232 [main] INFO   - Click on Login Link
2019-57-03 21:57:31.975 [main] INFO   - Fill data for auth
2019-57-03 21:57:32.029 [main] INFO   - Verify user
2019-18-03 22:18:31.141 [main] INFO   - Opened site
2019-18-03 22:18:34.557 [main] INFO   - Click on Login Link
2019-18-03 22:18:37.234 [main] INFO   - Fill data for auth
2019-18-03 22:18:37.288 [main] INFO   - Verify user
2019-22-03 22:22:21.005 [main] INFO   - Opened site
2019-22-03 22:22:23.515 [main] INFO   - Click on Login Link
2019-22-03 22:22:26.371 [main] INFO   - Fill data for auth
2019-22-03 22:22:26.425 [main] INFO   - Verify user
2019-24-03 22:24:20.615 [main] INFO   - Opened site
2019-24-03 22:24:22.801 [main] INFO   - Click on Login Link
2019-24-03 22:24:26.082 [main] INFO   - Fill data for auth
2019-24-03 22:24:26.136 [main] INFO   - Verify user
2019-24-03 22:24:55.871 [main] INFO   - Opened site
2019-25-03 22:25:00.047 [main] INFO   - Click on Login Link
2019-25-03 22:25:03.489 [main] INFO   - Fill data for auth
2019-25-03 22:25:03.547 [main] INFO   - Verify user
2019-37-03 22:37:52.445 [main] INFO   - Opened site
2019-37-03 22:37:54.798 [main] INFO   - Click on Login Link
2019-37-03 22:37:58.001 [main] INFO   - Fill data for auth
2019-37-03 22:37:58.067 [main] INFO   - Verify user
2019-38-03 22:38:32.365 [main] INFO   - Opened site
2019-38-03 22:38:34.510 [main] INFO   - Click on Login Link
2019-38-03 22:38:38.041 [main] INFO   - Fill data for auth
2019-38-03 22:38:38.095 [main] INFO   - Verify user
2019-39-03 22:39:27.431 [main] INFO   - Opened site
2019-39-03 22:39:29.817 [main] INFO   - Click on Login Link
2019-39-03 22:39:33.128 [main] INFO   - Fill data for auth
2019-39-03 22:39:33.182 [main] INFO   - Verify user
2019-06-03 23:06:13.159 [main] INFO   - Opened site
2019-06-03 23:06:15.778 [main] INFO   - Click on Login Link
2019-06-03 23:06:18.522 [main] INFO   - Fill data for auth
2019-06-03 23:06:18.577 [main] INFO   - Verify user
2019-06-03 23:06:28.066 [main] ERROR  - For input string: "$16.51"
2019-08-03 23:08:15.834 [main] INFO   - Opened site
2019-08-03 23:08:19.568 [main] INFO   - Click on Login Link
2019-08-03 23:08:23.581 [main] INFO   - Fill data for auth
2019-08-03 23:08:23.634 [main] INFO   - Verify user
2019-08-03 23:08:37.357 [main] ERROR  - empty String
2019-10-03 23:10:07.854 [main] INFO   - Opened site
2019-10-03 23:10:10.071 [main] INFO   - Click on Login Link
2019-10-03 23:10:12.791 [main] INFO   - Fill data for auth
2019-10-03 23:10:12.846 [main] INFO   - Verify user
2019-10-03 23:10:22.706 [main] ERROR  - For input string: "16,51"
2019-12-03 23:12:39.948 [main] INFO   - Opened site
2019-12-03 23:12:42.493 [main] INFO   - Click on Login Link
2019-12-03 23:12:45.367 [main] INFO   - Fill data for auth
2019-12-03 23:12:45.422 [main] INFO   - Verify user
2019-12-03 23:12:57.159 [main] ERROR  - empty String
2019-15-03 23:15:12.916 [main] INFO   - Opened site
2019-15-03 23:15:15.262 [main] INFO   - Click on Login Link
2019-15-03 23:15:17.998 [main] INFO   - Fill data for auth
2019-15-03 23:15:18.058 [main] INFO   - Verify user
2019-15-03 23:15:28.443 [main] ERROR  - empty String
2019-16-03 23:16:53.466 [main] INFO   - Opened site
2019-16-03 23:16:55.693 [main] INFO   - Click on Login Link
2019-16-03 23:16:58.493 [main] INFO   - Fill data for auth
2019-16-03 23:16:58.548 [main] INFO   - Verify user
2019-17-03 23:17:08.542 [main] ERROR  - Price is different! expected:<3[3].02> but was:<3[5].02>
2019-19-03 23:19:40.506 [main] INFO   - Opened site
2019-19-03 23:19:44.905 [main] INFO   - Click on Login Link
2019-19-03 23:19:47.705 [main] INFO   - Fill data for auth
2019-19-03 23:19:47.759 [main] INFO   - Verify user
2019-20-03 23:20:00.445 [main] ERROR  - For input string: "$2.00"
2019-20-03 23:20:36.218 [main] INFO   - Opened site
2019-20-03 23:20:38.619 [main] INFO   - Click on Login Link
2019-20-03 23:20:41.365 [main] INFO   - Fill data for auth
2019-20-03 23:20:41.420 [main] INFO   - Verify user
2019-22-04 00:22:15.113 [main] INFO   - Opened site
2019-22-04 00:22:18.939 [main] INFO   - Click on Login Link
2019-22-04 00:22:22.111 [main] INFO   - Fill data for auth
2019-22-04 00:22:22.174 [main] INFO   - Verify user
2019-23-04 00:23:06.591 [main] INFO   - Opened site
2019-23-04 00:23:09.825 [main] INFO   - Click on Login Link
2019-23-04 00:23:12.506 [main] INFO   - Fill data for auth
2019-23-04 00:23:12.560 [main] INFO   - Verify user
2019-29-04 00:29:54.215 [main] INFO   - Opened site
2019-29-04 00:29:57.225 [main] INFO   - Click on Login Link
2019-29-04 00:29:59.912 [main] INFO   - Fill data for auth
2019-29-04 00:29:59.966 [main] INFO   - Verify user
2019-30-04 00:30:03.103 [main] INFO   - Click on T-Shirt menu's item
2019-30-04 00:30:05.486 [main] INFO   - Click on Product
2019-30-04 00:30:05.548 [main] INFO   - Checking Breadcrumbs
2019-30-04 00:30:07.328 [main] INFO   - Add Product to card
2019-30-04 00:30:09.253 [main] INFO   - Proceed to checkout
2019-30-04 00:30:10.973 [main] INFO   - Increase quantity of product
2019-30-04 00:30:11.166 [main] INFO   - Check price
2019-30-04 00:30:13.907 [main] INFO   - Delete product from the card
2019-30-04 00:30:13.960 [main] INFO   - Check title on empty card page
2019-30-04 00:30:14.729 [main] INFO   - Closed site
2019-36-04 21:36:52.328 [main] INFO   - Opened site
2019-36-04 21:36:55.274 [main] INFO   - Click on Login Link
2019-36-04 21:36:58.142 [main] INFO   - Fill data for auth
2019-36-04 21:36:58.204 [main] INFO   - Verify user
2019-37-04 21:37:00.465 [main] INFO   - Click on T-Shirt menu's item
2019-37-04 21:37:02.552 [main] INFO   - Click on Product
2019-37-04 21:37:02.621 [main] INFO   - Checking Breadcrumbs
2019-37-04 21:37:03.893 [main] INFO   - Add Product to card
2019-37-04 21:37:05.819 [main] INFO   - Proceed to checkout
2019-37-04 21:37:07.036 [main] INFO   - Increase quantity of product
2019-37-04 21:37:07.258 [main] INFO   - Check price
2019-37-04 21:37:09.349 [main] INFO   - Delete product from the card
2019-37-04 21:37:09.393 [main] INFO   - Check title on empty card page
2019-37-04 21:37:10.155 [main] INFO   - Closed site
2019-42-04 21:42:45.836 [main] INFO   - Opened site
2019-42-04 21:42:48.939 [main] INFO   - Click on Login Link
2019-42-04 21:42:51.592 [main] INFO   - Fill data for auth
2019-42-04 21:42:51.647 [main] INFO   - Verify user
2019-42-04 21:42:54.864 [main] INFO   - Click on T-Shirt menu's item
2019-42-04 21:42:57.231 [main] INFO   - Click on Product
2019-42-04 21:42:57.288 [main] INFO   - Checking Breadcrumbs
2019-42-04 21:42:58.541 [main] INFO   - Add Product to card
2019-43-04 21:43:00.340 [main] INFO   - Proceed to checkout
2019-43-04 21:43:01.593 [main] INFO   - Increase quantity of product
2019-43-04 21:43:01.788 [main] INFO   - Check price
2019-43-04 21:43:03.897 [main] INFO   - Delete product from the card
2019-43-04 21:43:03.942 [main] INFO   - Check title on empty card page
2019-43-04 21:43:04.724 [main] INFO   - Close site
2019-46-04 22:46:41.705 [main] INFO   - Opened site
2019-46-04 22:46:45.236 [main] INFO   - Click on Login Link
2019-46-04 22:46:48.696 [main] INFO   - Fill data for auth
2019-46-04 22:46:48.758 [main] INFO   - Verify user
2019-46-04 22:46:52.507 [main] INFO   - Click on T-Shirt menu's item
2019-46-04 22:46:56.705 [main] INFO   - Click on Product
2019-46-04 22:46:56.773 [main] INFO   - Checking Breadcrumbs
2019-46-04 22:46:58.048 [main] INFO   - Add Product to card
2019-47-04 22:47:01.150 [main] INFO   - Proceed to checkout
2019-47-04 22:47:03.421 [main] INFO   - Increase quantity of product
2019-47-04 22:47:03.645 [main] INFO   - Check price
2019-47-04 22:47:06.063 [main] INFO   - Delete product from the card
2019-47-04 22:47:06.107 [main] INFO   - Check title on empty card page
2019-47-04 22:47:06.876 [main] INFO   - Close site
2019-37-16 20:37:41.276 [main] INFO   - Opened site
2019-37-16 20:37:44.117 [main] INFO   - Click on Login Link
2019-37-16 20:37:47.016 [main] INFO   - Fill data for auth
2019-37-16 20:37:47.078 [main] INFO   - Verify user
2019-37-16 20:37:49.618 [main] INFO   - Click on T-Shirt menu's item
2019-37-16 20:37:50.345 [main] ERROR  - invalid selector: Unable to locate an element with the xpath expression //a[contains(text(), productName because of the following error:
SyntaxError: Failed to execute 'evaluate' on 'Document': The string '//a[contains(text(), productName' is not a valid XPath expression.
  (Session info: chrome=72.0.3626.121)
  (Driver info: chromedriver=2.46.628402 (536cd7adbad73a3783fdc2cab92ab2ba7ec361e1),platform=Windows NT 6.1.7601 SP1 x86_64) (WARNING: The server did not provide any stacktrace information)
Command duration or timeout: 0 milliseconds
For documentation on this error, please visit: https://www.seleniumhq.org/exceptions/invalid_selector_exception.html
Build info: version: '3.141.59', revision: 'e82be7d358', time: '2018-11-14T08:17:03'
System info: host: 'US-ER', ip: '192.168.0.23', os.name: 'Windows 7', os.arch: 'amd64', os.version: '6.1', java.version: '1.8.0_201'
Driver info: org.openqa.selenium.chrome.ChromeDriver
Capabilities {acceptInsecureCerts: false, acceptSslCerts: false, applicationCacheEnabled: false, browserConnectionEnabled: false, browserName: chrome, chrome: {chromedriverVersion: 2.46.628402 (536cd7adbad73a..., userDataDir: C:\Users\us-er\AppData\Loca...}, cssSelectorsEnabled: true, databaseEnabled: false, goog:chromeOptions: {debuggerAddress: localhost:1326}, handlesAlerts: true, hasTouchScreen: false, javascriptEnabled: true, locationContextEnabled: true, mobileEmulationEnabled: false, nativeEvents: true, networkConnectionEnabled: false, pageLoadStrategy: normal, platform: XP, platformName: XP, proxy: Proxy(), rotatable: false, setWindowRect: true, strictFileInteractability: false, takesHeapSnapshot: true, takesScreenshot: true, timeouts: {implicit: 0, pageLoad: 300000, script: 30000}, unexpectedAlertBehaviour: ignore, unhandledPromptBehavior: ignore, version: 72.0.3626.121, webStorageEnabled: true}
Session ID: 08051f870e1b5fde08825221c6388834
*** Element info: {Using=xpath, value=//a[contains(text(), productName}
2019-41-16 20:41:37.961 [main] INFO   - Opened site
2019-41-16 20:41:41.109 [main] INFO   - Click on Login Link
2019-41-16 20:41:43.797 [main] INFO   - Fill data for auth
2019-41-16 20:41:43.851 [main] INFO   - Verify user
2019-41-16 20:41:47.317 [main] INFO   - Click on T-Shirt menu's item
2019-41-16 20:41:47.912 [main] ERROR  - invalid selector: Unable to locate an element with the xpath expression //a[contains(text(), productName because of the following error:
SyntaxError: Failed to execute 'evaluate' on 'Document': The string '//a[contains(text(), productName' is not a valid XPath expression.
  (Session info: chrome=72.0.3626.121)
  (Driver info: chromedriver=2.46.628402 (536cd7adbad73a3783fdc2cab92ab2ba7ec361e1),platform=Windows NT 6.1.7601 SP1 x86_64) (WARNING: The server did not provide any stacktrace information)
Command duration or timeout: 0 milliseconds
For documentation on this error, please visit: https://www.seleniumhq.org/exceptions/invalid_selector_exception.html
Build info: version: '3.141.59', revision: 'e82be7d358', time: '2018-11-14T08:17:03'
System info: host: 'US-ER', ip: '192.168.0.23', os.name: 'Windows 7', os.arch: 'amd64', os.version: '6.1', java.version: '1.8.0_201'
Driver info: org.openqa.selenium.chrome.ChromeDriver
Capabilities {acceptInsecureCerts: false, acceptSslCerts: false, applicationCacheEnabled: false, browserConnectionEnabled: false, browserName: chrome, chrome: {chromedriverVersion: 2.46.628402 (536cd7adbad73a..., userDataDir: C:\Users\us-er\AppData\Loca...}, cssSelectorsEnabled: true, databaseEnabled: false, goog:chromeOptions: {debuggerAddress: localhost:1485}, handlesAlerts: true, hasTouchScreen: false, javascriptEnabled: true, locationContextEnabled: true, mobileEmulationEnabled: false, nativeEvents: true, networkConnectionEnabled: false, pageLoadStrategy: normal, platform: XP, platformName: XP, proxy: Proxy(), rotatable: false, setWindowRect: true, strictFileInteractability: false, takesHeapSnapshot: true, takesScreenshot: true, timeouts: {implicit: 0, pageLoad: 300000, script: 30000}, unexpectedAlertBehaviour: ignore, unhandledPromptBehavior: ignore, version: 72.0.3626.121, webStorageEnabled: true}
Session ID: 1ad1ce5bbdcd89ba9870b07665d50e90
*** Element info: {Using=xpath, value=//a[contains(text(), productName}
2019-52-16 20:52:05.730 [main] INFO   - Opened site
2019-52-16 20:52:07.908 [main] INFO   - Click on Login Link
2019-52-16 20:52:10.642 [main] INFO   - Fill data for auth
2019-52-16 20:52:10.696 [main] INFO   - Verify user
2019-52-16 20:52:13.041 [main] INFO   - Click on T-Shirt menu's item
2019-52-16 20:52:15.407 [main] INFO   - Click on Product
2019-52-16 20:52:15.473 [main] INFO   - Checking Breadcrumbs
2019-52-16 20:52:16.745 [main] INFO   - Add Product to card
2019-52-16 20:52:18.518 [main] INFO   - Proceed to checkout
2019-52-16 20:52:19.744 [main] INFO   - Increase quantity of product
2019-52-16 20:52:19.969 [main] INFO   - Check price
2019-52-16 20:52:21.827 [main] INFO   - Delete product from the card
2019-52-16 20:52:21.872 [main] INFO   - Check title on empty card page
2019-52-16 20:52:22.631 [main] INFO   - Close site
2019-26-16 23:26:28.358 [main] INFO   - Opened site
2019-26-16 23:26:30.496 [main] INFO   - Click on Login Link
2019-26-16 23:26:33.610 [main] INFO   - Fill data for auth
2019-26-16 23:26:33.672 [main] INFO   - Verify user
2019-26-16 23:26:35.971 [main] INFO   - Click on T-Shirt menu's item
2019-26-16 23:26:39.277 [main] INFO   - Click on Product
2019-26-16 23:26:39.898 [main] ERROR  - Breadcrum is different! expected:<[Women > Tops > T-Shirts > ]Faded Short Sleeve T...> but was:<[> Women>Tops>T-shirts>]Faded Short Sleeve T...>
2019-27-16 23:27:55.193 [main] INFO   - Opened site
2019-27-16 23:27:57.649 [main] INFO   - Click on Login Link
2019-28-16 23:28:00.694 [main] INFO   - Fill data for auth
2019-28-16 23:28:00.748 [main] INFO   - Verify user
2019-28-16 23:28:03.181 [main] INFO   - Click on T-Shirt menu's item
2019-28-16 23:28:05.993 [main] INFO   - Click on Product
2019-28-16 23:28:06.588 [main] ERROR  - Breadcrum is different! expected:<[Women>Tops>T-S]hirts>Faded Short Sl...> but was:<[> Women>Tops>T-s]hirts>Faded Short Sl...>
2019-28-16 23:28:55.513 [main] INFO   - Opened site
2019-28-16 23:28:57.664 [main] INFO   - Click on Login Link
2019-29-16 23:29:00.435 [main] INFO   - Fill data for auth
2019-29-16 23:29:00.489 [main] INFO   - Verify user
2019-29-16 23:29:02.585 [main] INFO   - Click on T-Shirt menu's item
2019-29-16 23:29:04.913 [main] INFO   - Click on Product
2019-29-16 23:29:05.484 [main] ERROR  - Breadcrum is different! expected:<> Women>Tops>T-[S]hirts>Faded Short Sl...> but was:<> Women>Tops>T-[s]hirts>Faded Short Sl...>
2019-29-16 23:29:43.558 [main] INFO   - Opened site
2019-29-16 23:29:45.723 [main] INFO   - Click on Login Link
2019-29-16 23:29:48.175 [main] INFO   - Fill data for auth
2019-29-16 23:29:48.229 [main] INFO   - Verify user
2019-29-16 23:29:50.736 [main] INFO   - Click on T-Shirt menu's item
2019-29-16 23:29:52.898 [main] INFO   - Click on Product
2019-29-16 23:29:53.005 [main] INFO   - Checking Breadcrumbs
2019-29-16 23:29:54.275 [main] INFO   - Add Product to card
2019-29-16 23:29:56.419 [main] INFO   - Proceed to checkout
2019-29-16 23:29:57.644 [main] INFO   - Increase quantity of product
2019-29-16 23:29:57.863 [main] INFO   - Check price
2019-30-16 23:30:00.368 [main] INFO   - Delete product from the card
2019-30-16 23:30:00.413 [main] INFO   - Check title on empty card page
2019-30-16 23:30:01.190 [main] INFO   - Close site
2019-31-16 23:31:01.578 [main] INFO   - Opened site
2019-31-16 23:31:04.836 [main] INFO   - Click on Login Link
2019-31-16 23:31:08.182 [main] INFO   - Fill data for auth
2019-31-16 23:31:08.236 [main] INFO   - Verify user
2019-31-16 23:31:10.423 [main] INFO   - Click on T-Shirt menu's item
2019-31-16 23:31:12.742 [main] INFO   - Click on Product
2019-31-16 23:31:12.853 [main] INFO   - Checking Breadcrumbs
2019-31-16 23:31:14.112 [main] INFO   - Add Product to card
2019-31-16 23:31:16.112 [main] INFO   - Proceed to checkout
2019-31-16 23:31:17.343 [main] INFO   - Increase quantity of product
2019-31-16 23:31:17.556 [main] INFO   - Check price
2019-31-16 23:31:19.634 [main] INFO   - Delete product from the card
2019-31-16 23:31:19.684 [main] INFO   - Check title on empty card page
2019-31-16 23:31:20.524 [main] INFO   - Close site
2019-39-16 23:39:32.733 [main] INFO   - Opened site
2019-39-16 23:39:37.000 [main] INFO   - Click on Login Link
2019-39-16 23:39:41.502 [main] INFO   - Fill data for auth
2019-39-16 23:39:41.557 [main] INFO   - Verify user
2019-39-16 23:39:44.570 [main] INFO   - Click on T-Shirt menu's item
2019-39-16 23:39:49.063 [main] INFO   - Click on Product
2019-39-16 23:39:49.217 [main] INFO   - Checking Breadcrumbs
2019-39-16 23:39:51.563 [main] INFO   - Add Product to card
2019-39-16 23:39:53.473 [main] INFO   - Proceed to checkout
2019-39-16 23:39:54.686 [main] INFO   - Increase quantity of product
2019-39-16 23:39:54.873 [main] INFO   - Check price
2019-39-16 23:39:57.462 [main] INFO   - Delete product from the card
2019-39-16 23:39:57.537 [main] INFO   - Check title on empty card page
2019-39-16 23:39:58.305 [main] INFO   - Close site
2019-48-17 20:48:24.185 [main] INFO   - Opened site
2019-48-17 20:48:27.936 [main] INFO   - Click on Login Link
2019-48-17 20:48:31.496 [main] INFO   - Fill data for auth
2019-48-17 20:48:31.559 [main] INFO   - Verify user
2019-48-17 20:48:42.424 [main] ERROR  - Expected condition failed: waiting for visibility of Proxy element for: DefaultElementLocator 'By.xpath: //ul[@class='sf-menu clearfix menu-content sf-js-enabled sf-arrows']/li[@class='sfHoverForce']/a[contains(text(), 'T-shirts')]' (tried for 10 second(s) with 500 milliseconds interval)
2019-57-17 20:57:37.682 [main] INFO   - Opened site
2019-57-17 20:57:40.330 [main] INFO   - Click on Login Link
2019-57-17 20:57:43.062 [main] INFO   - Fill data for auth
2019-57-17 20:57:43.116 [main] INFO   - Verify user
2019-57-17 20:57:45.980 [main] INFO   - Click on T-Shirt menu's item
2019-57-17 20:57:48.247 [main] INFO   - Click on Product
2019-57-17 20:57:48.412 [main] INFO   - Checking Breadcrumbs
2019-57-17 20:57:49.721 [main] INFO   - Add Product to card
2019-57-17 20:57:51.465 [main] INFO   - Proceed to checkout
2019-57-17 20:57:52.692 [main] INFO   - Increase quantity of product
2019-57-17 20:57:53.350 [main] ERROR  - Price is different! expected:<[68.04]> but was:<[35.02]>
2019-01-17 21:01:43.846 [main] INFO   - Opened site
2019-01-17 21:01:46.136 [main] INFO   - Click on Login Link
2019-01-17 21:01:48.872 [main] INFO   - Fill data for auth
2019-01-17 21:01:48.926 [main] INFO   - Verify user
2019-01-17 21:01:51.097 [main] INFO   - Click on T-Shirt menu's item
2019-01-17 21:01:53.040 [main] INFO   - Click on Product
2019-01-17 21:01:53.187 [main] INFO   - Checking Breadcrumbs
2019-01-17 21:01:54.476 [main] INFO   - Add Product to card
2019-01-17 21:01:56.275 [main] INFO   - Proceed to checkout
2019-01-17 21:01:58.004 [main] INFO   - Increase quantity of product
2019-01-17 21:01:58.639 [main] ERROR  - no such element: Unable to locate element: {"method":"xpath","selector":"//td[@id='total_price']"}
  (Session info: chrome=72.0.3626.121)
  (Driver info: chromedriver=2.46.628402 (536cd7adbad73a3783fdc2cab92ab2ba7ec361e1),platform=Windows NT 6.1.7601 SP1 x86_64) (WARNING: The server did not provide any stacktrace information)
Command duration or timeout: 0 milliseconds
For documentation on this error, please visit: https://www.seleniumhq.org/exceptions/no_such_element.html
Build info: version: '3.141.59', revision: 'e82be7d358', time: '2018-11-14T08:17:03'
System info: host: 'US-ER', ip: '192.168.0.23', os.name: 'Windows 7', os.arch: 'amd64', os.version: '6.1', java.version: '1.8.0_201'
Driver info: org.openqa.selenium.chrome.ChromeDriver
Capabilities {acceptInsecureCerts: false, acceptSslCerts: false, applicationCacheEnabled: false, browserConnectionEnabled: false, browserName: chrome, chrome: {chromedriverVersion: 2.46.628402 (536cd7adbad73a..., userDataDir: C:\Users\us-er\AppData\Loca...}, cssSelectorsEnabled: true, databaseEnabled: false, goog:chromeOptions: {debuggerAddress: localhost:2855}, handlesAlerts: true, hasTouchScreen: false, javascriptEnabled: true, locationContextEnabled: true, mobileEmulationEnabled: false, nativeEvents: true, networkConnectionEnabled: false, pageLoadStrategy: normal, platform: XP, platformName: XP, proxy: Proxy(), rotatable: false, setWindowRect: true, strictFileInteractability: false, takesHeapSnapshot: true, takesScreenshot: true, timeouts: {implicit: 0, pageLoad: 300000, script: 30000}, unexpectedAlertBehaviour: ignore, unhandledPromptBehavior: ignore, version: 72.0.3626.121, webStorageEnabled: true}
Session ID: 9b9ca63a2e20cc27d317e75775113636
*** Element info: {Using=xpath, value=//td[@id='total_price']}
2019-02-17 21:02:41.415 [main] INFO   - Opened site
2019-02-17 21:02:44.368 [main] INFO   - Click on Login Link
2019-02-17 21:02:48.631 [main] INFO   - Fill data for auth
2019-02-17 21:02:48.685 [main] INFO   - Verify user
2019-02-17 21:02:52.897 [main] INFO   - Click on T-Shirt menu's item
2019-02-17 21:02:55.630 [main] INFO   - Click on Product
2019-02-17 21:02:55.781 [main] INFO   - Checking Breadcrumbs
2019-02-17 21:02:57.072 [main] INFO   - Add Product to card
2019-02-17 21:02:59.046 [main] INFO   - Proceed to checkout
2019-03-17 21:03:00.256 [main] INFO   - Increase quantity of product
2019-03-17 21:03:00.455 [main] INFO   - Check price
2019-03-17 21:03:11.104 [main] ERROR  - Expected condition failed: waiting for visibility of [[ChromeDriver: chrome on XP (a1e3c124e8f527aa3b3997e866467e45)] -> xpath: //p[@class='alert alert-warning']] (tried for 10 second(s) with 500 milliseconds interval)
Build info: version: '3.141.59', revision: 'e82be7d358', time: '2018-11-14T08:17:03'
System info: host: 'US-ER', ip: '192.168.0.23', os.name: 'Windows 7', os.arch: 'amd64', os.version: '6.1', java.version: '1.8.0_201'
Driver info: org.openqa.selenium.chrome.ChromeDriver
Capabilities {acceptInsecureCerts: false, acceptSslCerts: false, applicationCacheEnabled: false, browserConnectionEnabled: false, browserName: chrome, chrome: {chromedriverVersion: 2.46.628402 (536cd7adbad73a..., userDataDir: C:\Users\us-er\AppData\Loca...}, cssSelectorsEnabled: true, databaseEnabled: false, goog:chromeOptions: {debuggerAddress: localhost:2944}, handlesAlerts: true, hasTouchScreen: false, javascriptEnabled: true, locationContextEnabled: true, mobileEmulationEnabled: false, nativeEvents: true, networkConnectionEnabled: false, pageLoadStrategy: normal, platform: XP, platformName: XP, proxy: Proxy(), rotatable: false, setWindowRect: true, strictFileInteractability: false, takesHeapSnapshot: true, takesScreenshot: true, timeouts: {implicit: 0, pageLoad: 300000, script: 30000}, unexpectedAlertBehaviour: ignore, unhandledPromptBehavior: ignore, version: 72.0.3626.121, webStorageEnabled: true}
Session ID: a1e3c124e8f527aa3b3997e866467e45
2019-03-17 21:03:51.946 [main] INFO   - Opened site
2019-03-17 21:03:54.209 [main] INFO   - Click on Login Link
2019-03-17 21:03:57.307 [main] INFO   - Fill data for auth
2019-03-17 21:03:57.360 [main] INFO   - Verify user
2019-04-17 21:04:00.764 [main] INFO   - Click on T-Shirt menu's item
2019-04-17 21:04:02.941 [main] INFO   - Click on Product
2019-04-17 21:04:03.091 [main] INFO   - Checking Breadcrumbs
2019-04-17 21:04:04.912 [main] INFO   - Add Product to card
2019-04-17 21:04:07.340 [main] INFO   - Proceed to checkout
2019-04-17 21:04:09.594 [main] INFO   - Increase quantity of product
2019-04-17 21:04:09.785 [main] INFO   - Check price
2019-04-17 21:04:09.964 [main] INFO   - Delete product from the card
2019-04-17 21:04:20.428 [main] ERROR  - Expected condition failed: waiting for visibility of [[ChromeDriver: chrome on XP (c4cb59fb17c44420a1fbb5f73b2c0fe9)] -> xpath: //p[@class='alert alert-warning']] (tried for 10 second(s) with 500 milliseconds interval)
Build info: version: '3.141.59', revision: 'e82be7d358', time: '2018-11-14T08:17:03'
System info: host: 'US-ER', ip: '192.168.0.23', os.name: 'Windows 7', os.arch: 'amd64', os.version: '6.1', java.version: '1.8.0_201'
Driver info: org.openqa.selenium.chrome.ChromeDriver
Capabilities {acceptInsecureCerts: false, acceptSslCerts: false, applicationCacheEnabled: false, browserConnectionEnabled: false, browserName: chrome, chrome: {chromedriverVersion: 2.46.628402 (536cd7adbad73a..., userDataDir: C:\Users\us-er\AppData\Loca...}, cssSelectorsEnabled: true, databaseEnabled: false, goog:chromeOptions: {debuggerAddress: localhost:3076}, handlesAlerts: true, hasTouchScreen: false, javascriptEnabled: true, locationContextEnabled: true, mobileEmulationEnabled: false, nativeEvents: true, networkConnectionEnabled: false, pageLoadStrategy: normal, platform: XP, platformName: XP, proxy: Proxy(), rotatable: false, setWindowRect: true, strictFileInteractability: false, takesHeapSnapshot: true, takesScreenshot: true, timeouts: {implicit: 0, pageLoad: 300000, script: 30000}, unexpectedAlertBehaviour: ignore, unhandledPromptBehavior: ignore, version: 72.0.3626.121, webStorageEnabled: true}
Session ID: c4cb59fb17c44420a1fbb5f73b2c0fe9
2019-05-17 21:05:54.200 [main] INFO   - Opened site
2019-05-17 21:05:58.706 [main] INFO   - Click on Login Link
2019-06-17 21:06:01.621 [main] INFO   - Fill data for auth
2019-06-17 21:06:01.675 [main] INFO   - Verify user
2019-06-17 21:06:04.205 [main] INFO   - Click on T-Shirt menu's item
2019-06-17 21:06:06.384 [main] INFO   - Click on Product
2019-06-17 21:06:06.540 [main] INFO   - Checking Breadcrumbs
2019-06-17 21:06:07.830 [main] INFO   - Add Product to card
2019-06-17 21:06:10.236 [main] INFO   - Proceed to checkout
2019-06-17 21:06:11.443 [main] INFO   - Increase quantity of product
2019-06-17 21:06:11.630 [main] INFO   - Check price
2019-06-17 21:06:11.787 [main] INFO   - Delete product from the card
2019-06-17 21:06:15.147 [main] INFO   - Check title on empty card page
2019-06-17 21:06:15.924 [main] INFO   - Close site
2019-07-17 21:07:32.537 [main] INFO   - Opened site
2019-07-17 21:07:35.619 [main] INFO   - Click on Login Link
2019-07-17 21:07:38.321 [main] INFO   - Fill data for auth
2019-07-17 21:07:38.375 [main] INFO   - Verify user
2019-07-17 21:07:40.797 [main] INFO   - Click on T-Shirt menu's item
2019-07-17 21:07:43.391 [main] INFO   - Click on Product
2019-07-17 21:07:43.676 [main] INFO   - Checking Breadcrumbs
2019-07-17 21:07:46.095 [main] INFO   - Add Product to card
2019-07-17 21:07:48.086 [main] INFO   - Proceed to checkout
2019-07-17 21:07:49.335 [main] INFO   - Increase quantity of product
2019-07-17 21:07:49.526 [main] INFO   - Check price
2019-07-17 21:07:49.684 [main] INFO   - Delete product from the card
2019-07-17 21:07:52.050 [main] INFO   - Check title on empty card page
2019-07-17 21:07:52.827 [main] INFO   - Close site
2019-16-17 21:16:45.028 [main] INFO   - Opened site
2019-16-17 21:16:47.809 [main] INFO   - Click on Login Link
2019-16-17 21:16:50.837 [main] INFO   - Fill data for auth
2019-16-17 21:16:50.891 [main] INFO   - Verify user
2019-16-17 21:16:53.210 [main] INFO   - Click on T-Shirt menu's item
2019-16-17 21:16:56.719 [main] INFO   - Click on Product
2019-16-17 21:16:56.873 [main] INFO   - Checking Breadcrumbs
2019-16-17 21:16:58.691 [main] INFO   - Add Product to card
2019-17-17 21:17:00.939 [main] INFO   - Proceed to checkout
2019-17-17 21:17:02.723 [main] INFO   - Increase quantity of product
2019-17-17 21:17:02.915 [main] INFO   - Check price
2019-17-17 21:17:03.084 [main] INFO   - Delete product from the card
2019-17-17 21:17:05.559 [main] INFO   - Check title on empty card page
2019-17-17 21:17:06.325 [main] INFO   - Close site
